TN:
SF:src\controllers\userController.js
FN:13,(anonymous_0)
FN:33,(anonymous_1)
FN:62,(anonymous_2)
FN:74,(anonymous_3)
FNF:4
FNH:4
FNDA:3,(anonymous_0)
FNDA:4,(anonymous_1)
FNDA:2,(anonymous_2)
FNDA:2,(anonymous_3)
DA:13,1
DA:14,3
DA:15,3
DA:16,3
DA:18,2
DA:19,1
DA:24,1
DA:28,1
DA:33,1
DA:34,4
DA:35,4
DA:36,4
DA:37,1
DA:41,3
DA:42,3
DA:43,1
DA:47,2
DA:54,2
DA:55,1
DA:57,1
DA:62,1
DA:63,2
DA:64,2
DA:65,2
DA:69,2
DA:74,1
DA:75,2
DA:76,2
DA:77,2
DA:82,2
DA:83,1
DA:87,1
LF:32
LH:32
BRDA:18,0,0,1
BRDA:18,0,1,1
BRDA:36,1,0,1
BRDA:36,1,1,3
BRDA:36,2,0,4
BRDA:36,2,1,3
BRDA:42,3,0,1
BRDA:42,3,1,2
BRDA:79,4,0,1
BRDA:79,4,1,1
BRDA:80,5,0,1
BRDA:80,5,1,1
BRF:12
BRH:12
end_of_record
TN:
SF:src\dao\userDao.js
FN:4,(anonymous_0)
FN:24,(anonymous_1)
FN:41,(anonymous_2)
FN:68,(anonymous_3)
FN:87,(anonymous_4)
FNF:5
FNH:0
FNDA:0,(anonymous_0)
FNDA:0,(anonymous_1)
FNDA:0,(anonymous_2)
FNDA:0,(anonymous_3)
FNDA:0,(anonymous_4)
DA:4,1
DA:5,0
DA:6,0
DA:7,0
DA:15,0
DA:16,0
DA:18,0
DA:20,0
DA:24,1
DA:25,0
DA:26,0
DA:27,0
DA:32,0
DA:33,0
DA:35,0
DA:37,0
DA:41,1
DA:42,0
DA:43,0
DA:44,0
DA:59,0
DA:60,0
DA:62,0
DA:64,0
DA:68,1
DA:69,0
DA:70,0
DA:71,0
DA:78,0
DA:79,0
DA:81,0
DA:83,0
DA:87,1
DA:88,0
DA:89,0
DA:90,0
DA:98,0
DA:99,0
DA:101,0
DA:103,0
LF:40
LH:5
BRF:0
BRH:0
end_of_record
TN:
SF:src\db\index.js
FNF:0
FNH:0
DA:4,1
LF:1
LH:1
BRF:0
BRH:0
end_of_record
TN:
SF:src\dto\index.js
FN:8,(anonymous_0)
FN:29,(anonymous_1)
FNF:2
FNH:0
FNDA:0,(anonymous_0)
FNDA:0,(anonymous_1)
DA:8,2
DA:9,0
DA:10,0
DA:15,0
DA:29,2
DA:30,0
DA:31,0
DA:38,0
LF:8
LH:2
BRDA:9,0,0,0
BRDA:9,0,1,0
BRDA:30,1,0,0
BRDA:30,1,1,0
BRF:4
BRH:0
end_of_record
TN:
SF:src\utils\createMockReqRes.js
FN:2,(anonymous_0)
FNF:1
FNH:1
FNDA:11,(anonymous_0)
DA:2,1
DA:9,11
DA:17,11
DA:22,11
LF:4
LH:4
BRDA:3,0,0,3
BRDA:4,1,0,3
BRDA:5,2,0,7
BRDA:6,3,0,10
BRDA:7,4,0,11
BRF:5
BRH:5
end_of_record
TN:
SF:src\utils\daoParams.js
FN:1,(anonymous_0)
FNF:1
FNH:0
FNDA:0,(anonymous_0)
DA:1,1
DA:6,0
LF:2
LH:1
BRDA:2,0,0,0
BRDA:3,1,0,0
BRDA:4,2,0,0
BRF:3
BRH:0
end_of_record
