{"C:\\Users\\user\\Desktop\\etc\\me\\TDD\\js-tdd\\src\\controllers\\userController.js": {"path":"C:\\Users\\user\\Desktop\\etc\\me\\TDD\\js-tdd\\src\\controllers\\userController.js","statementMap":{"0":{"start":{"line":13,"column":37},"end":{"line":30,"column":1}},"1":{"start":{"line":14,"column":2},"end":{"line":29,"column":3}},"2":{"start":{"line":15,"column":28},"end":{"line":15,"column":38}},"3":{"start":{"line":16,"column":19},"end":{"line":16,"column":52}},"4":{"start":{"line":18,"column":4},"end":{"line":22,"column":5}},"5":{"start":{"line":19,"column":6},"end":{"line":21,"column":69}},"6":{"start":{"line":24,"column":4},"end":{"line":26,"column":77}},"7":{"start":{"line":28,"column":4},"end":{"line":28,"column":72}},"8":{"start":{"line":33,"column":36},"end":{"line":59,"column":1}},"9":{"start":{"line":34,"column":2},"end":{"line":58,"column":3}},"10":{"start":{"line":35,"column":32},"end":{"line":35,"column":40}},"11":{"start":{"line":36,"column":4},"end":{"line":40,"column":5}},"12":{"start":{"line":37,"column":6},"end":{"line":39,"column":69}},"13":{"start":{"line":41,"column":24},"end":{"line":41,"column":58}},"14":{"start":{"line":42,"column":4},"end":{"line":46,"column":5}},"15":{"start":{"line":43,"column":6},"end":{"line":45,"column":75}},"16":{"start":{"line":47,"column":20},"end":{"line":53,"column":5}},"17":{"start":{"line":54,"column":19},"end":{"line":54,"column":47}},"18":{"start":{"line":55,"column":4},"end":{"line":55,"column":79}},"19":{"start":{"line":57,"column":4},"end":{"line":57,"column":72}},"20":{"start":{"line":62,"column":27},"end":{"line":71,"column":1}},"21":{"start":{"line":63,"column":2},"end":{"line":70,"column":3}},"22":{"start":{"line":64,"column":19},"end":{"line":64,"column":41}},"23":{"start":{"line":65,"column":4},"end":{"line":67,"column":77}},"24":{"start":{"line":69,"column":4},"end":{"line":69,"column":72}},"25":{"start":{"line":74,"column":36},"end":{"line":89,"column":1}},"26":{"start":{"line":75,"column":2},"end":{"line":88,"column":3}},"27":{"start":{"line":76,"column":34},"end":{"line":76,"column":43}},"28":{"start":{"line":77,"column":20},"end":{"line":81,"column":5}},"29":{"start":{"line":82,"column":19},"end":{"line":82,"column":57}},"30":{"start":{"line":83,"column":4},"end":{"line":85,"column":77}},"31":{"start":{"line":87,"column":4},"end":{"line":87,"column":72}}},"fnMap":{"0":{"name":"(anonymous_0)","decl":{"start":{"line":13,"column":37},"end":{"line":13,"column":38}},"loc":{"start":{"line":13,"column":57},"end":{"line":30,"column":1}},"line":13},"1":{"name":"(anonymous_1)","decl":{"start":{"line":33,"column":36},"end":{"line":33,"column":37}},"loc":{"start":{"line":33,"column":56},"end":{"line":59,"column":1}},"line":33},"2":{"name":"(anonymous_2)","decl":{"start":{"line":62,"column":27},"end":{"line":62,"column":28}},"loc":{"start":{"line":62,"column":47},"end":{"line":71,"column":1}},"line":62},"3":{"name":"(anonymous_3)","decl":{"start":{"line":74,"column":36},"end":{"line":74,"column":37}},"loc":{"start":{"line":74,"column":56},"end":{"line":89,"column":1}},"line":74}},"branchMap":{"0":{"loc":{"start":{"line":18,"column":4},"end":{"line":22,"column":5}},"type":"if","locations":[{"start":{"line":18,"column":4},"end":{"line":22,"column":5}},{"start":{},"end":{}}],"line":18},"1":{"loc":{"start":{"line":36,"column":4},"end":{"line":40,"column":5}},"type":"if","locations":[{"start":{"line":36,"column":4},"end":{"line":40,"column":5}},{"start":{},"end":{}}],"line":36},"2":{"loc":{"start":{"line":36,"column":8},"end":{"line":36,"column":65}},"type":"binary-expr","locations":[{"start":{"line":36,"column":8},"end":{"line":36,"column":33}},{"start":{"line":36,"column":37},"end":{"line":36,"column":65}}],"line":36},"3":{"loc":{"start":{"line":42,"column":4},"end":{"line":46,"column":5}},"type":"if","locations":[{"start":{"line":42,"column":4},"end":{"line":46,"column":5}},{"start":{},"end":{}}],"line":42},"4":{"loc":{"start":{"line":79,"column":12},"end":{"line":79,"column":36}},"type":"cond-expr","locations":[{"start":{"line":79,"column":20},"end":{"line":79,"column":27}},{"start":{"line":79,"column":30},"end":{"line":79,"column":36}}],"line":79},"5":{"loc":{"start":{"line":80,"column":17},"end":{"line":80,"column":37}},"type":"cond-expr","locations":[{"start":{"line":80,"column":25},"end":{"line":80,"column":30}},{"start":{"line":80,"column":33},"end":{"line":80,"column":37}}],"line":80}},"s":{"0":1,"1":3,"2":3,"3":3,"4":2,"5":1,"6":1,"7":1,"8":1,"9":4,"10":4,"11":4,"12":1,"13":3,"14":3,"15":1,"16":2,"17":2,"18":1,"19":1,"20":1,"21":2,"22":2,"23":2,"24":2,"25":1,"26":2,"27":2,"28":2,"29":2,"30":1,"31":1},"f":{"0":3,"1":4,"2":2,"3":2},"b":{"0":[1,1],"1":[1,3],"2":[4,3],"3":[1,2],"4":[1,1],"5":[1,1]},"_coverageSchema":"1a1c01bbd47fc00a2c39e90264f33305004495a9","hash":"c4bf25b6559e4e9d14a40d894075c1dc373371e2"}
,"C:\\Users\\user\\Desktop\\etc\\me\\TDD\\js-tdd\\src\\dao\\userDao.js": {"path":"C:\\Users\\user\\Desktop\\etc\\me\\TDD\\js-tdd\\src\\dao\\userDao.js","statementMap":{"0":{"start":{"line":4,"column":30},"end":{"line":22,"column":1}},"1":{"start":{"line":5,"column":21},"end":{"line":5,"column":47}},"2":{"start":{"line":6,"column":2},"end":{"line":21,"column":3}},"3":{"start":{"line":7,"column":29},"end":{"line":14,"column":27}},"4":{"start":{"line":15,"column":19},"end":{"line":15,"column":59}},"5":{"start":{"line":16,"column":4},"end":{"line":16,"column":41}},"6":{"start":{"line":18,"column":4},"end":{"line":18,"column":30}},"7":{"start":{"line":20,"column":4},"end":{"line":20,"column":25}},"8":{"start":{"line":24,"column":33},"end":{"line":39,"column":1}},"9":{"start":{"line":25,"column":21},"end":{"line":25,"column":47}},"10":{"start":{"line":26,"column":2},"end":{"line":38,"column":3}},"11":{"start":{"line":27,"column":32},"end":{"line":31,"column":27}},"12":{"start":{"line":32,"column":19},"end":{"line":32,"column":62}},"13":{"start":{"line":33,"column":4},"end":{"line":33,"column":41}},"14":{"start":{"line":35,"column":4},"end":{"line":35,"column":30}},"15":{"start":{"line":37,"column":4},"end":{"line":37,"column":25}},"16":{"start":{"line":41,"column":29},"end":{"line":66,"column":1}},"17":{"start":{"line":42,"column":21},"end":{"line":42,"column":47}},"18":{"start":{"line":43,"column":2},"end":{"line":65,"column":3}},"19":{"start":{"line":44,"column":28},"end":{"line":57,"column":9}},"20":{"start":{"line":59,"column":19},"end":{"line":59,"column":58}},"21":{"start":{"line":60,"column":4},"end":{"line":60,"column":41}},"22":{"start":{"line":62,"column":4},"end":{"line":62,"column":30}},"23":{"start":{"line":64,"column":4},"end":{"line":64,"column":25}},"24":{"start":{"line":68,"column":30},"end":{"line":85,"column":1}},"25":{"start":{"line":69,"column":21},"end":{"line":69,"column":47}},"26":{"start":{"line":70,"column":2},"end":{"line":84,"column":3}},"27":{"start":{"line":71,"column":29},"end":{"line":77,"column":27}},"28":{"start":{"line":78,"column":19},"end":{"line":78,"column":59}},"29":{"start":{"line":79,"column":4},"end":{"line":79,"column":41}},"30":{"start":{"line":81,"column":4},"end":{"line":81,"column":30}},"31":{"start":{"line":83,"column":4},"end":{"line":83,"column":25}},"32":{"start":{"line":87,"column":39},"end":{"line":105,"column":1}},"33":{"start":{"line":88,"column":21},"end":{"line":88,"column":47}},"34":{"start":{"line":89,"column":2},"end":{"line":104,"column":3}},"35":{"start":{"line":90,"column":38},"end":{"line":97,"column":53}},"36":{"start":{"line":98,"column":19},"end":{"line":98,"column":68}},"37":{"start":{"line":99,"column":4},"end":{"line":99,"column":41}},"38":{"start":{"line":101,"column":4},"end":{"line":101,"column":30}},"39":{"start":{"line":103,"column":4},"end":{"line":103,"column":25}}},"fnMap":{"0":{"name":"(anonymous_0)","decl":{"start":{"line":4,"column":30},"end":{"line":4,"column":31}},"loc":{"start":{"line":4,"column":48},"end":{"line":22,"column":1}},"line":4},"1":{"name":"(anonymous_1)","decl":{"start":{"line":24,"column":33},"end":{"line":24,"column":34}},"loc":{"start":{"line":24,"column":51},"end":{"line":39,"column":1}},"line":24},"2":{"name":"(anonymous_2)","decl":{"start":{"line":41,"column":29},"end":{"line":41,"column":30}},"loc":{"start":{"line":41,"column":47},"end":{"line":66,"column":1}},"line":41},"3":{"name":"(anonymous_3)","decl":{"start":{"line":68,"column":30},"end":{"line":68,"column":31}},"loc":{"start":{"line":68,"column":42},"end":{"line":85,"column":1}},"line":68},"4":{"name":"(anonymous_4)","decl":{"start":{"line":87,"column":39},"end":{"line":87,"column":40}},"loc":{"start":{"line":87,"column":57},"end":{"line":105,"column":1}},"line":87}},"branchMap":{},"s":{"0":1,"1":0,"2":0,"3":0,"4":0,"5":0,"6":0,"7":0,"8":1,"9":0,"10":0,"11":0,"12":0,"13":0,"14":0,"15":0,"16":1,"17":0,"18":0,"19":0,"20":0,"21":0,"22":0,"23":0,"24":1,"25":0,"26":0,"27":0,"28":0,"29":0,"30":0,"31":0,"32":1,"33":0,"34":0,"35":0,"36":0,"37":0,"38":0,"39":0},"f":{"0":0,"1":0,"2":0,"3":0,"4":0},"b":{},"_coverageSchema":"1a1c01bbd47fc00a2c39e90264f33305004495a9","hash":"1b46179495ceff797bcbbdafe7a6696ed941dfb5"}
,"C:\\Users\\user\\Desktop\\etc\\me\\TDD\\js-tdd\\src\\db\\index.js": {"path":"C:\\Users\\user\\Desktop\\etc\\me\\TDD\\js-tdd\\src\\db\\index.js","statementMap":{"0":{"start":{"line":4,"column":20},"end":{"line":11,"column":2}}},"fnMap":{},"branchMap":{},"s":{"0":1},"f":{},"b":{},"_coverageSchema":"1a1c01bbd47fc00a2c39e90264f33305004495a9","hash":"daeb1cab225b088b020522bda65b3d6b14d4a259"}
,"C:\\Users\\user\\Desktop\\etc\\me\\TDD\\js-tdd\\src\\dto\\index.js": {"path":"C:\\Users\\user\\Desktop\\etc\\me\\TDD\\js-tdd\\src\\dto\\index.js","statementMap":{"0":{"start":{"line":8,"column":27},"end":{"line":19,"column":1}},"1":{"start":{"line":9,"column":2},"end":{"line":14,"column":3}},"2":{"start":{"line":10,"column":4},"end":{"line":13,"column":6}},"3":{"start":{"line":15,"column":2},"end":{"line":18,"column":4}},"4":{"start":{"line":29,"column":34},"end":{"line":43,"column":1}},"5":{"start":{"line":30,"column":2},"end":{"line":37,"column":3}},"6":{"start":{"line":31,"column":4},"end":{"line":36,"column":6}},"7":{"start":{"line":38,"column":2},"end":{"line":42,"column":4}}},"fnMap":{"0":{"name":"(anonymous_0)","decl":{"start":{"line":8,"column":27},"end":{"line":8,"column":28}},"loc":{"start":{"line":8,"column":52},"end":{"line":19,"column":1}},"line":8},"1":{"name":"(anonymous_1)","decl":{"start":{"line":29,"column":34},"end":{"line":29,"column":35}},"loc":{"start":{"line":29,"column":67},"end":{"line":43,"column":1}},"line":29}},"branchMap":{"0":{"loc":{"start":{"line":9,"column":2},"end":{"line":14,"column":3}},"type":"if","locations":[{"start":{"line":9,"column":2},"end":{"line":14,"column":3}},{"start":{},"end":{}}],"line":9},"1":{"loc":{"start":{"line":30,"column":2},"end":{"line":37,"column":3}},"type":"if","locations":[{"start":{"line":30,"column":2},"end":{"line":37,"column":3}},{"start":{},"end":{}}],"line":30}},"s":{"0":2,"1":0,"2":0,"3":0,"4":2,"5":0,"6":0,"7":0},"f":{"0":0,"1":0},"b":{"0":[0,0],"1":[0,0]},"_coverageSchema":"1a1c01bbd47fc00a2c39e90264f33305004495a9","hash":"acd84c5ee6b8e0720a009a54010875df6919cf78"}
,"C:\\Users\\user\\Desktop\\etc\\me\\TDD\\js-tdd\\src\\utils\\createMockReqRes.js": {"path":"C:\\Users\\user\\Desktop\\etc\\me\\TDD\\js-tdd\\src\\utils\\createMockReqRes.js","statementMap":{"0":{"start":{"line":2,"column":32},"end":{"line":23,"column":1}},"1":{"start":{"line":9,"column":14},"end":{"line":16,"column":3}},"2":{"start":{"line":17,"column":14},"end":{"line":20,"column":3}},"3":{"start":{"line":22,"column":2},"end":{"line":22,"column":22}}},"fnMap":{"0":{"name":"(anonymous_0)","decl":{"start":{"line":2,"column":32},"end":{"line":2,"column":33}},"loc":{"start":{"line":8,"column":5},"end":{"line":23,"column":1}},"line":8}},"branchMap":{"0":{"loc":{"start":{"line":3,"column":2},"end":{"line":3,"column":12}},"type":"default-arg","locations":[{"start":{"line":3,"column":10},"end":{"line":3,"column":12}}],"line":3},"1":{"loc":{"start":{"line":4,"column":2},"end":{"line":4,"column":15}},"type":"default-arg","locations":[{"start":{"line":4,"column":13},"end":{"line":4,"column":15}}],"line":4},"2":{"loc":{"start":{"line":5,"column":2},"end":{"line":5,"column":8}},"type":"default-arg","locations":[{"start":{"line":5,"column":7},"end":{"line":5,"column":8}}],"line":5},"3":{"loc":{"start":{"line":6,"column":2},"end":{"line":6,"column":15}},"type":"default-arg","locations":[{"start":{"line":6,"column":6},"end":{"line":6,"column":15}}],"line":6},"4":{"loc":{"start":{"line":7,"column":2},"end":{"line":7,"column":15}},"type":"default-arg","locations":[{"start":{"line":7,"column":6},"end":{"line":7,"column":15}}],"line":7}},"s":{"0":1,"1":11,"2":11,"3":11},"f":{"0":11},"b":{"0":[3],"1":[3],"2":[7],"3":[10],"4":[11]},"_coverageSchema":"1a1c01bbd47fc00a2c39e90264f33305004495a9","hash":"a023d815719de1e4fc86e2b7e17064009963fffb"}
,"C:\\Users\\user\\Desktop\\etc\\me\\TDD\\js-tdd\\src\\utils\\daoParams.js": {"path":"C:\\Users\\user\\Desktop\\etc\\me\\TDD\\js-tdd\\src\\utils\\daoParams.js","statementMap":{"0":{"start":{"line":1,"column":24},"end":{"line":11,"column":1}},"1":{"start":{"line":6,"column":2},"end":{"line":10,"column":4}}},"fnMap":{"0":{"name":"(anonymous_0)","decl":{"start":{"line":1,"column":24},"end":{"line":1,"column":25}},"loc":{"start":{"line":5,"column":5},"end":{"line":11,"column":1}},"line":5}},"branchMap":{"0":{"loc":{"start":{"line":2,"column":2},"end":{"line":2,"column":13}},"type":"default-arg","locations":[{"start":{"line":2,"column":12},"end":{"line":2,"column":13}}],"line":2},"1":{"loc":{"start":{"line":3,"column":2},"end":{"line":3,"column":25}},"type":"default-arg","locations":[{"start":{"line":3,"column":10},"end":{"line":3,"column":25}}],"line":3},"2":{"loc":{"start":{"line":4,"column":2},"end":{"line":4,"column":19}},"type":"default-arg","locations":[{"start":{"line":4,"column":13},"end":{"line":4,"column":19}}],"line":4}},"s":{"0":1,"1":0},"f":{"0":0},"b":{"0":[0],"1":[0],"2":[0]},"_coverageSchema":"1a1c01bbd47fc00a2c39e90264f33305004495a9","hash":"f1a8271078308f8d041f332228d4cc4c2a0194c6"}
}
