TN:
SF:src/add.js
FN:1,add
FNF:1
FNH:1
FNDA:1,add
DA:1,1
DA:2,1
DA:3,1
DA:4,1
DA:5,1
LF:5
LH:5
BRDA:1,0,0,1
BRF:1
BRH:1
end_of_record
TN:
SF:src/calculator.js
FN:2,Calculator
FN:6,set
FN:10,add
FN:18,subtract
FN:22,multiply
FN:26,divide
FNF:6
FNH:6
FNDA:7,Calculator
FNDA:4,set
FNDA:3,add
FNDA:1,subtract
FNDA:1,multiply
FNDA:1,divide
DA:1,1
DA:2,1
DA:3,7
DA:4,7
DA:5,1
DA:6,1
DA:7,4
DA:8,4
DA:9,1
DA:10,1
DA:11,3
DA:12,3
DA:13,1
DA:14,1
DA:15,2
DA:16,2
DA:17,1
DA:18,1
DA:19,1
DA:20,1
DA:21,1
DA:22,1
DA:23,1
DA:24,1
DA:25,1
DA:26,1
DA:27,1
DA:28,1
DA:29,1
DA:30,1
DA:31,1
LF:31
LH:31
BRDA:2,0,0,7
BRDA:6,1,0,4
BRDA:10,2,0,3
BRDA:12,3,0,1
BRDA:14,4,0,2
BRDA:18,5,0,1
BRDA:22,6,0,1
BRDA:26,7,0,1
BRF:8
BRH:8
end_of_record
